<?xml version="1.0" encoding="UTF-8"?>
<!-- Generated by org.testng.reporters.JUnitReportReporter -->
<testsuite hostname="LAPTOP-DCD51ORS" failures="0" tests="1" name="responseValidation.DynamicResponseValidation" time="1.377" errors="0" timestamp="2022-07-08T13:18:22 IST" skipped="0">
  <testcase classname="responseValidation.DynamicResponseValidation" name="dynamicResponse" time="1.377"/>
  <system-out/>
</testsuite> <!-- responseValidation.DynamicResponseValidation -->
