<?xml version="1.0" encoding="UTF-8"?>
<!-- Generated by org.testng.reporters.JUnitReportReporter -->
<testsuite hostname="LAPTOP-DCD51ORS" failures="0" tests="3" name="authentication.BasicAuthToken" time="1.405" errors="0" timestamp="2022-07-11T12:21:37 IST" skipped="0">
  <testcase classname="authentication.BasicAuthToken" name="basicAuthTest" time="1.187"/>
  <system-out/>
  <testcase classname="authentication.BasicAuthToken" name="digestiveAuthTest" time="0.103"/>
  <system-out/>
  <testcase classname="authentication.BasicAuthToken" name="preemptiveAuthTest" time="0.115"/>
  <system-out/>
</testsuite> <!-- authentication.BasicAuthToken -->
