<?xml version="1.0" encoding="UTF-8"?>
<!-- Generated by org.testng.reporters.JUnitReportReporter -->
<testsuite hostname="LAPTOP-DCD51ORS" failures="0" tests="1" name="parameters.PathParameter" time="1.070" errors="0" timestamp="2022-07-08T16:52:51 IST" skipped="0">
  <testcase classname="parameters.PathParameter" name="pathParameter" time="1.070"/>
  <system-out/>
</testsuite> <!-- parameters.PathParameter -->
