<?xml version="1.0" encoding="UTF-8"?>
<!-- Generated by org.testng.reporters.JUnitReportReporter -->
<testsuite hostname="LAPTOP-DCD51ORS" failures="0" tests="1" name="parameters.QueryParameter" time="5.079" errors="0" timestamp="2022-07-08T17:33:35 IST" skipped="0">
  <testcase classname="parameters.QueryParameter" name="queryParameter" time="5.079"/>
  <system-out/>
</testsuite> <!-- parameters.QueryParameter -->
