<?xml version="1.0" encoding="UTF-8"?>
<!-- Generated by org.testng.reporters.JUnitReportReporter -->
<testsuite hostname="LAPTOP-DCD51ORS" failures="0" tests="1" name="differentWaysToPostRequest.CreateProjectUsingPojoClass" time="1.230" errors="0" timestamp="2022-07-08T13:08:54 IST" skipped="0">
  <testcase classname="differentWaysToPostRequest.CreateProjectUsingPojoClass" name="createProject" time="1.230"/>
  <system-out/>
</testsuite> <!-- differentWaysToPostRequest.CreateProjectUsingPojoClass -->
