<?xml version="1.0" encoding="UTF-8"?>
<!-- Generated by org.testng.reporters.JUnitReportReporter -->
<testsuite hostname="LAPTOP-DCD51ORS" failures="0" tests="1" name="crudOperationWithoutBDD.DeleteProjectTest" time="1.136" errors="0" timestamp="2022-07-09T19:53:54 IST" skipped="0">
  <testcase classname="crudOperationWithoutBDD.DeleteProjectTest" name="deleteProject" time="1.136"/>
  <system-out/>
</testsuite> <!-- crudOperationWithoutBDD.DeleteProjectTest -->
