<?xml version="1.0" encoding="UTF-8"?>
<!-- Generated by org.testng.reporters.JUnitReportReporter -->
<testsuite hostname="LAPTOP-DCD51ORS" failures="0" tests="1" name="RequestChaining.CreateProjectByPostAndGet" time="1.454" errors="0" timestamp="2022-07-11T11:48:22 IST" skipped="0">
  <testcase classname="RequestChaining.CreateProjectByPostAndGet" name="createProjectAndGet" time="1.454"/>
  <system-out>
    <![CDATA[TY_PROJ_1204]]>
  </system-out>
</testsuite> <!-- RequestChaining.CreateProjectByPostAndGet -->
