<?xml version="1.0" encoding="UTF-8"?>
<!-- Generated by org.testng.reporters.JUnitReportReporter -->
<testsuite hostname="LAPTOP-DCD51ORS" failures="0" tests="1" name="differentWaysToPostRequest.CreateUsingJsonFile" time="1.073" errors="0" timestamp="2022-07-09T20:28:10 IST" skipped="0">
  <testcase classname="differentWaysToPostRequest.CreateUsingJsonFile" name="createProject" time="1.073"/>
  <system-out/>
</testsuite> <!-- differentWaysToPostRequest.CreateUsingJsonFile -->
