<?xml version="1.0" encoding="UTF-8"?>
<!-- Generated by org.testng.reporters.JUnitReportReporter -->
<testsuite hostname="LAPTOP-DCD51ORS" failures="0" tests="1" name="authentication.BearerToken" time="3.380" errors="0" timestamp="2022-07-11T12:58:02 IST" skipped="0">
  <testcase classname="authentication.BearerToken" name="bearerTokenTest" time="3.380"/>
  <system-out/>
</testsuite> <!-- authentication.BearerToken -->
