<?xml version="1.0" encoding="UTF-8"?>
<!-- Generated by org.testng.reporters.JUnitReportReporter -->
<testsuite hostname="LAPTOP-DCD51ORS" failures="0" tests="1" name="crudOperationWithoutBDD.CreateProjectTest" time="1.393" errors="0" timestamp="2022-07-09T19:59:47 IST" skipped="0">
  <testcase classname="crudOperationWithoutBDD.CreateProjectTest" name="CreateProject" time="1.393"/>
  <system-out/>
</testsuite> <!-- crudOperationWithoutBDD.CreateProjectTest -->
