<?xml version="1.0" encoding="UTF-8"?>
<!-- Generated by org.testng.reporters.JUnitReportReporter -->
<testsuite hostname="LAPTOP-DCD51ORS" failures="0" tests="1" name="responseValidation.ResponseTimeValidationUsingHamcrest" time="0.968" errors="0" timestamp="2022-07-08T15:33:07 IST" skipped="0">
  <testcase classname="responseValidation.ResponseTimeValidationUsingHamcrest" name="responseTimeValidation" time="0.968"/>
  <system-out/>
</testsuite> <!-- responseValidation.ResponseTimeValidationUsingHamcrest -->
