<?xml version="1.0" encoding="UTF-8"?>
<!-- Generated by org.testng.reporters.JUnitReportReporter -->
<testsuite hostname="LAPTOP-DCD51ORS" failures="0" tests="1" name="crudOperationWithoutBDD.GetAllProjectsTest" time="1.235" errors="0" timestamp="2022-07-09T19:36:40 IST" skipped="0">
  <testcase classname="crudOperationWithoutBDD.GetAllProjectsTest" name="getAllProjectsTest" time="1.235"/>
  <system-out/>
</testsuite> <!-- crudOperationWithoutBDD.GetAllProjectsTest -->
