<?xml version="1.0" encoding="UTF-8"?>
<!-- Generated by org.testng.reporters.JUnitReportReporter -->
<testsuite hostname="LAPTOP-DCD51ORS" failures="0" tests="1" name="differentWaysToPostRequest.CreateUsingJsonObject" time="1.314" errors="0" timestamp="2022-07-09T20:35:28 IST" skipped="0">
  <testcase classname="differentWaysToPostRequest.CreateUsingJsonObject" name="createJsonObject" time="1.314"/>
  <system-out/>
</testsuite> <!-- differentWaysToPostRequest.CreateUsingJsonObject -->
